<?xml version="1.0" encoding="UTF-8"?>
<testsuite xmlns:xsi="http://www.w3.org/2001/XMLSchema-instance" xsi:noNamespaceSchemaLocation="https://maven.apache.org/surefire/maven-surefire-plugin/xsd/surefire-test-report.xsd" version="3.0.2" name="com.citycab.app.CityCabApplicationTests" time="17.605" tests="1" errors="0" skipped="0" failures="0">
  <properties>
[...]
</properties>
  <testcase name="contextLoads" classname="com.citycab.app.CityCabApplicationTests" time="0.603">
    <system-out><![CDATA[13:52:51.064 [main] INFO org.springframework.test.context.support.AnnotationConfigContextLoaderUtils -- Could not detect default configuration classes for test class [com.citycab.app.CityCabApplicationTests]: CityCabApplicationTests does not declare any static, non-private, non-final, nested classes annotated with @Configuration.
13:52:51.215 [main] INFO org.springframework.boot.test.context.SpringBootTestContextBootstrapper -- Found @SpringBootConfiguration com.citycab.app.CityCabApplication for test class com.citycab.app.CityCabApplicationTests

  .   ____          _            __ _ _
 /\\ / ___'_ __ _ _(_)_ __  __ _ \ \ \ \
( ( )\___ | '_ | '_| | '_ \/ _` | \ \ \ \
 \\/  ___)| |_)| | | | | || (_| |  ) ) ) )
  '  |____| .__|_| |_|_| |_\__, | / / / /
 =========|_|==============|___/=/_/_/_/

 :: Spring Boot ::                (v4.0.0)

2025-12-26T13:52:52.214+01:00  INFO 179212 --- [camerge-backend] [           main] c.citycab.app.CityCabApplicationTests    : Starting CityCabApplicationTests using Java 21.0.9 with PID 179212 (started by tbserver in /home/tbserver/Bureau/Camergo/city-cab)
2025-12-26T13:52:52.216+01:00  INFO 179212 --- [camerge-backend] [           main] c.citycab.app.CityCabApplicationTests    : No active profile set, falling back to 1 default profile: "default"
2025-12-26T13:52:54.324+01:00  INFO 179212 --- [camerge-backend] [           main] .s.d.r.c.RepositoryConfigurationDelegate : Bootstrapping Spring Data JPA repositories in DEFAULT mode.
2025-12-26T13:52:54.405+01:00  INFO 179212 --- [camerge-backend] [           main] .s.d.r.c.RepositoryConfigurationDelegate : Finished Spring Data repository scanning in 68 ms. Found 3 JPA repository interfaces.
2025-12-26T13:52:55.041+01:00  INFO 179212 --- [camerge-backend] [           main] o.s.cloud.context.scope.GenericScope     : BeanFactory id=2fb43a6e-d18b-331b-a895-0c4b6f0b494a
2025-12-26T13:52:55.936+01:00  INFO 179212 --- [camerge-backend] [           main] o.hibernate.jpa.internal.util.LogHelper  : HHH000204: Processing PersistenceUnitInfo [name: default]
2025-12-26T13:52:56.029+01:00  INFO 179212 --- [camerge-backend] [           main] org.hibernate.Version                    : HHH000412: Hibernate ORM core version 7.1.8.Final
2025-12-26T13:52:56.720+01:00  INFO 179212 --- [camerge-backend] [           main] o.s.o.j.p.SpringPersistenceUnitInfo      : No LoadTimeWeaver setup: ignoring JPA class transformer
2025-12-26T13:52:56.780+01:00  INFO 179212 --- [camerge-backend] [           main] com.zaxxer.hikari.HikariDataSource       : HikariPool-1 - Starting...
2025-12-26T13:52:57.057+01:00  INFO 179212 --- [camerge-backend] [           main] com.zaxxer.hikari.pool.HikariPool        : HikariPool-1 - Added connection org.postgresql.jdbc.PgConnection@6f53f5a4
2025-12-26T13:52:57.060+01:00  INFO 179212 --- [camerge-backend] [           main] com.zaxxer.hikari.HikariDataSource       : HikariPool-1 - Start completed.
2025-12-26T13:52:57.126+01:00  WARN 179212 --- [camerge-backend] [           main] org.hibernate.orm.deprecation            : HHH90000025: PostgreSQLDialect does not need to be specified explicitly using 'hibernate.dialect' (remove the property setting and it will be selected by default)
2025-12-26T13:52:57.162+01:00  INFO 179212 --- [camerge-backend] [           main] org.hibernate.orm.connections.pooling    : HHH10001005: Database info:
	Database JDBC URL [jdbc:postgresql://localhost:5432/citycab]
	Database driver: PostgreSQL JDBC Driver
	Database dialect: PostgreSQLDialect
	Database version: 16.11
	Default catalog/schema: citycab/public
	Autocommit mode: undefined/unknown
	Isolation level: READ_COMMITTED [default READ_COMMITTED]
	JDBC fetch size: none
	Pool: DatasourceConnectionProviderImpl
	Minimum pool size: undefined/unknown
	Maximum pool size: undefined/unknown
2025-12-26T13:52:58.752+01:00  INFO 179212 --- [camerge-backend] [           main] o.h.e.t.j.p.i.JtaPlatformInitiator       : HHH000489: No JTA platform available (set 'hibernate.transaction.jta.platform' to enable JTA platform integration)
2025-12-26T13:52:58.855+01:00  INFO 179212 --- [camerge-backend] [           main] j.LocalContainerEntityManagerFactoryBean : Initialized JPA EntityManagerFactory for persistence unit 'default'
2025-12-26T13:52:59.225+01:00  INFO 179212 --- [camerge-backend] [           main] o.s.d.j.r.query.QueryEnhancerFactories   : Hibernate is in classpath; If applicable, HQL parser will be used.
2025-12-26T13:53:00.685+01:00  INFO 179212 --- [camerge-backend] [           main] eAuthenticationProviderManagerConfigurer : Global AuthenticationManager configured with AuthenticationProvider bean with name authenticationProvider
2025-12-26T13:53:00.686+01:00  WARN 179212 --- [camerge-backend] [           main] r$InitializeUserDetailsManagerConfigurer : Global AuthenticationManager configured with an AuthenticationProvider bean. UserDetailsService beans will not be used by Spring Security for automatically configuring username/password login. Consider removing the AuthenticationProvider bean. Alternatively, consider using the UserDetailsService in a manually instantiated DaoAuthenticationProvider. If the current configuration is intentional, to turn off this warning, increase the logging level of 'org.springframework.security.config.annotation.authentication.configuration.InitializeUserDetailsBeanManagerConfigurer' to ERROR
2025-12-26T13:53:03.560+01:00  WARN 179212 --- [camerge-backend] [           main] JpaBaseConfiguration$JpaWebConfiguration : spring.jpa.open-in-view is enabled by default. Therefore, database queries may be performed during view rendering. Explicitly configure spring.jpa.open-in-view to disable this warning
2025-12-26T13:53:05.212+01:00  WARN 179212 --- [camerge-backend] [           main] ion$DefaultTemplateResolverConfiguration : Cannot find template location: classpath:/templates/ (please add some templates, check your Thymeleaf configuration, or set spring.thymeleaf.check-template-location=false)
2025-12-26T13:53:07.561+01:00  INFO 179212 --- [camerge-backend] [           main] o.s.b.a.e.web.EndpointLinksResolver      : Exposing 1 endpoint beneath base path '/actuator'
2025-12-26T13:53:07.678+01:00  INFO 179212 --- [camerge-backend] [           main] o.s.m.s.b.SimpleBrokerMessageHandler     : Starting...
2025-12-26T13:53:07.679+01:00  INFO 179212 --- [camerge-backend] [           main] o.s.m.s.b.SimpleBrokerMessageHandler     : BrokerAvailabilityEvent[available=true, SimpleBrokerMessageHandler [org.springframework.messaging.simp.broker.DefaultSubscriptionRegistry@26aeeac9]]
2025-12-26T13:53:07.680+01:00  INFO 179212 --- [camerge-backend] [           main] o.s.m.s.b.SimpleBrokerMessageHandler     : Started.
2025-12-26T13:53:07.698+01:00  INFO 179212 --- [camerge-backend] [           main] c.citycab.app.CityCabApplicationTests    : Started CityCabApplicationTests in 16.002 seconds (process running for 17.915)
]]></system-out>
    <system-err><![CDATA[Mockito is currently self-attaching to enable the inline-mock-maker. This will no longer work in future releases of the JDK. Please add Mockito as an agent to your build as described in Mockito's documentation: https://javadoc.io/doc/org.mockito/mockito-core/latest/org.mockito/org/mockito/Mockito.html#0.3
WARNING: A Java agent has been loaded dynamically (/home/tbserver/.m2/repository/net/bytebuddy/byte-buddy-agent/1.17.8/byte-buddy-agent-1.17.8.jar)
WARNING: If a serviceability tool is in use, please run with -XX:+EnableDynamicAgentLoading to hide this warning
WARNING: If a serviceability tool is not in use, please run with -Djdk.instrument.traceUsage for more information
WARNING: Dynamic loading of agents will be disallowed by default in a future release
]]></system-err>
  </testcase>
</testsuite>